<?xml version="1.0" encoding="UTF-8"?>
<testng-results ignored="0" total="33" passed="33" failed="0" skipped="0">
  <reporter-output>
  </reporter-output>
  <suite started-at="2020-04-01T11:06:21Z" name="tests" finished-at="2020-04-01T11:06:24Z" duration-ms="3460">
    <groups>
    </groups>
    <test started-at="2020-04-01T11:06:21Z" name="tests" finished-at="2020-04-01T11:06:24Z" duration-ms="3460">
      <class name="Tests.TestDevices">
        <test-method is-config="true" signature="CreateSession()[pri:0, instance:Tests.TestDevices@2c039ac6]" started-at="2020-04-01T11:06:23Z" name="CreateSession" finished-at="2020-04-01T11:06:24Z" duration-ms="200" status="PASS">
          <reporter-output>
          </reporter-output>
        </test-method> <!-- CreateSession -->
        <test-method signature="TestCars()[pri:0, instance:Tests.TestDevices@2c039ac6]" started-at="2020-04-01T11:06:24Z" name="TestCars" finished-at="2020-04-01T11:06:24Z" duration-ms="14" status="PASS">
          <reporter-output>
          </reporter-output>
        </test-method> <!-- TestCars -->
        <test-method signature="TestDelete()[pri:0, instance:Tests.TestDevices@2c039ac6]" started-at="2020-04-01T11:06:24Z" name="TestDelete" finished-at="2020-04-01T11:06:24Z" duration-ms="1" status="PASS">
          <reporter-output>
          </reporter-output>
        </test-method> <!-- TestDelete -->
        <test-method signature="TestInsert()[pri:0, instance:Tests.TestDevices@2c039ac6]" started-at="2020-04-01T11:06:24Z" name="TestInsert" finished-at="2020-04-01T11:06:24Z" duration-ms="11" status="PASS">
          <reporter-output>
          </reporter-output>
        </test-method> <!-- TestInsert -->
        <test-method signature="TestUpdate()[pri:0, instance:Tests.TestDevices@2c039ac6]" started-at="2020-04-01T11:06:24Z" name="TestUpdate" finished-at="2020-04-01T11:06:24Z" duration-ms="1" status="PASS">
          <reporter-output>
          </reporter-output>
        </test-method> <!-- TestUpdate -->
      </class> <!-- Tests.TestDevices -->
      <class name="Tests.TestDevelopers">
        <test-method is-config="true" signature="CreateSession()[pri:0, instance:Tests.TestDevelopers@9a7504c]" started-at="2020-04-01T11:06:23Z" name="CreateSession" finished-at="2020-04-01T11:06:23Z" duration-ms="195" status="PASS">
          <reporter-output>
          </reporter-output>
        </test-method> <!-- CreateSession -->
        <test-method signature="TestDelete()[pri:0, instance:Tests.TestDevelopers@9a7504c]" started-at="2020-04-01T11:06:23Z" name="TestDelete" finished-at="2020-04-01T11:06:23Z" duration-ms="2" status="PASS">
          <reporter-output>
          </reporter-output>
        </test-method> <!-- TestDelete -->
        <test-method signature="TestInsert()[pri:0, instance:Tests.TestDevelopers@9a7504c]" started-at="2020-04-01T11:06:23Z" name="TestInsert" finished-at="2020-04-01T11:06:23Z" duration-ms="23" status="PASS">
          <reporter-output>
          </reporter-output>
        </test-method> <!-- TestInsert -->
        <test-method signature="TestModels()[pri:0, instance:Tests.TestDevelopers@9a7504c]" started-at="2020-04-01T11:06:23Z" name="TestModels" finished-at="2020-04-01T11:06:23Z" duration-ms="5" status="PASS">
          <reporter-output>
          </reporter-output>
        </test-method> <!-- TestModels -->
        <test-method signature="TestUpdate()[pri:0, instance:Tests.TestDevelopers@9a7504c]" started-at="2020-04-01T11:06:23Z" name="TestUpdate" finished-at="2020-04-01T11:06:23Z" duration-ms="0" status="PASS">
          <reporter-output>
          </reporter-output>
        </test-method> <!-- TestUpdate -->
      </class> <!-- Tests.TestDevelopers -->
      <class name="Tests.TestClients">
        <test-method is-config="true" signature="CreateSession()[pri:0, instance:Tests.TestClients@3e57cd70]" started-at="2020-04-01T11:06:23Z" name="CreateSession" finished-at="2020-04-01T11:06:23Z" duration-ms="198" status="PASS">
          <reporter-output>
          </reporter-output>
        </test-method> <!-- CreateSession -->
        <test-method signature="TestDate()[pri:0, instance:Tests.TestClients@3e57cd70]" started-at="2020-04-01T11:06:23Z" name="TestDate" finished-at="2020-04-01T11:06:23Z" duration-ms="5" status="PASS">
          <reporter-output>
          </reporter-output>
        </test-method> <!-- TestDate -->
        <test-method signature="TestDelete()[pri:0, instance:Tests.TestClients@3e57cd70]" started-at="2020-04-01T11:06:23Z" name="TestDelete" finished-at="2020-04-01T11:06:23Z" duration-ms="2" status="PASS">
          <reporter-output>
          </reporter-output>
        </test-method> <!-- TestDelete -->
        <test-method signature="TestE_mail()[pri:0, instance:Tests.TestClients@3e57cd70]" started-at="2020-04-01T11:06:23Z" name="TestE_mail" finished-at="2020-04-01T11:06:23Z" duration-ms="4" status="PASS">
          <reporter-output>
          </reporter-output>
        </test-method> <!-- TestE_mail -->
        <test-method signature="TestInsert()[pri:0, instance:Tests.TestClients@3e57cd70]" started-at="2020-04-01T11:06:23Z" name="TestInsert" finished-at="2020-04-01T11:06:23Z" duration-ms="9" status="PASS">
          <reporter-output>
          </reporter-output>
        </test-method> <!-- TestInsert -->
        <test-method signature="TestName()[pri:0, instance:Tests.TestClients@3e57cd70]" started-at="2020-04-01T11:06:23Z" name="TestName" finished-at="2020-04-01T11:06:23Z" duration-ms="1" status="PASS">
          <reporter-output>
          </reporter-output>
        </test-method> <!-- TestName -->
        <test-method signature="TestStatus()[pri:0, instance:Tests.TestClients@3e57cd70]" started-at="2020-04-01T11:06:23Z" name="TestStatus" finished-at="2020-04-01T11:06:23Z" duration-ms="3" status="PASS">
          <reporter-output>
          </reporter-output>
        </test-method> <!-- TestStatus -->
        <test-method signature="TestUpdate()[pri:0, instance:Tests.TestClients@3e57cd70]" started-at="2020-04-01T11:06:23Z" name="TestUpdate" finished-at="2020-04-01T11:06:23Z" duration-ms="0" status="PASS">
          <reporter-output>
          </reporter-output>
        </test-method> <!-- TestUpdate -->
      </class> <!-- Tests.TestClients -->
      <class name="Tests.TestCars">
        <test-method is-config="true" signature="CreateSession()[pri:0, instance:Tests.TestCars@1d8d30f7]" started-at="2020-04-01T11:06:21Z" name="CreateSession" finished-at="2020-04-01T11:06:23Z" duration-ms="2070" status="PASS">
          <reporter-output>
          </reporter-output>
        </test-method> <!-- CreateSession -->
        <test-method signature="TestDelete()[pri:0, instance:Tests.TestCars@1d8d30f7]" started-at="2020-04-01T11:06:23Z" name="TestDelete" finished-at="2020-04-01T11:06:23Z" duration-ms="42" status="PASS">
          <reporter-output>
          </reporter-output>
        </test-method> <!-- TestDelete -->
        <test-method signature="TestDevice()[pri:0, instance:Tests.TestCars@1d8d30f7]" started-at="2020-04-01T11:06:23Z" name="TestDevice" finished-at="2020-04-01T11:06:23Z" duration-ms="68" status="PASS">
          <reporter-output>
          </reporter-output>
        </test-method> <!-- TestDevice -->
        <test-method signature="TestInsert()[pri:0, instance:Tests.TestCars@1d8d30f7]" started-at="2020-04-01T11:06:23Z" name="TestInsert" finished-at="2020-04-01T11:06:23Z" duration-ms="34" status="PASS">
          <reporter-output>
          </reporter-output>
        </test-method> <!-- TestInsert -->
        <test-method signature="TestModel()[pri:0, instance:Tests.TestCars@1d8d30f7]" started-at="2020-04-01T11:06:23Z" name="TestModel" finished-at="2020-04-01T11:06:23Z" duration-ms="5" status="PASS">
          <reporter-output>
          </reporter-output>
        </test-method> <!-- TestModel -->
        <test-method signature="TestNumber()[pri:0, instance:Tests.TestCars@1d8d30f7]" started-at="2020-04-01T11:06:23Z" name="TestNumber" finished-at="2020-04-01T11:06:23Z" duration-ms="1" status="PASS">
          <reporter-output>
          </reporter-output>
        </test-method> <!-- TestNumber -->
        <test-method signature="TestPrice()[pri:0, instance:Tests.TestCars@1d8d30f7]" started-at="2020-04-01T11:06:23Z" name="TestPrice" finished-at="2020-04-01T11:06:23Z" duration-ms="4" status="PASS">
          <reporter-output>
          </reporter-output>
        </test-method> <!-- TestPrice -->
        <test-method signature="TestTestDrive()[pri:0, instance:Tests.TestCars@1d8d30f7]" started-at="2020-04-01T11:06:23Z" name="TestTestDrive" finished-at="2020-04-01T11:06:23Z" duration-ms="4" status="PASS">
          <reporter-output>
          </reporter-output>
        </test-method> <!-- TestTestDrive -->
        <test-method signature="TestUpdate()[pri:0, instance:Tests.TestCars@1d8d30f7]" started-at="2020-04-01T11:06:23Z" name="TestUpdate" finished-at="2020-04-01T11:06:23Z" duration-ms="1" status="PASS">
          <reporter-output>
          </reporter-output>
        </test-method> <!-- TestUpdate -->
      </class> <!-- Tests.TestCars -->
      <class name="Tests.TestOrders">
        <test-method is-config="true" signature="CreateSession()[pri:0, instance:Tests.TestOrders@58c1670b]" started-at="2020-04-01T11:06:24Z" name="CreateSession" finished-at="2020-04-01T11:06:24Z" duration-ms="244" status="PASS">
          <reporter-output>
          </reporter-output>
        </test-method> <!-- CreateSession -->
        <test-method signature="TestDate()[pri:0, instance:Tests.TestOrders@58c1670b]" started-at="2020-04-01T11:06:24Z" name="TestDate" finished-at="2020-04-01T11:06:24Z" duration-ms="12" status="PASS">
          <reporter-output>
          </reporter-output>
        </test-method> <!-- TestDate -->
        <test-method signature="TestDelete()[pri:0, instance:Tests.TestOrders@58c1670b]" started-at="2020-04-01T11:06:24Z" name="TestDelete" finished-at="2020-04-01T11:06:24Z" duration-ms="3" status="PASS">
          <reporter-output>
          </reporter-output>
        </test-method> <!-- TestDelete -->
        <test-method signature="TestInsert()[pri:0, instance:Tests.TestOrders@58c1670b]" started-at="2020-04-01T11:06:24Z" name="TestInsert" finished-at="2020-04-01T11:06:24Z" duration-ms="18" status="PASS">
          <reporter-output>
          </reporter-output>
        </test-method> <!-- TestInsert -->
        <test-method signature="TestNumber()[pri:0, instance:Tests.TestOrders@58c1670b]" started-at="2020-04-01T11:06:24Z" name="TestNumber" finished-at="2020-04-01T11:06:24Z" duration-ms="10" status="PASS">
          <reporter-output>
          </reporter-output>
        </test-method> <!-- TestNumber -->
        <test-method signature="TestStatus()[pri:0, instance:Tests.TestOrders@58c1670b]" started-at="2020-04-01T11:06:24Z" name="TestStatus" finished-at="2020-04-01T11:06:24Z" duration-ms="3" status="PASS">
          <reporter-output>
          </reporter-output>
        </test-method> <!-- TestStatus -->
        <test-method signature="TestUpdate()[pri:0, instance:Tests.TestOrders@58c1670b]" started-at="2020-04-01T11:06:24Z" name="TestUpdate" finished-at="2020-04-01T11:06:24Z" duration-ms="1" status="PASS">
          <reporter-output>
          </reporter-output>
        </test-method> <!-- TestUpdate -->
      </class> <!-- Tests.TestOrders -->
      <class name="Tests.TestModels">
        <test-method is-config="true" signature="CreateSession()[pri:0, instance:Tests.TestModels@587d1d39]" started-at="2020-04-01T11:06:24Z" name="CreateSession" finished-at="2020-04-01T11:06:24Z" duration-ms="228" status="PASS">
          <reporter-output>
          </reporter-output>
        </test-method> <!-- CreateSession -->
        <test-method signature="TestDelete()[pri:0, instance:Tests.TestModels@587d1d39]" started-at="2020-04-01T11:06:24Z" name="TestDelete" finished-at="2020-04-01T11:06:24Z" duration-ms="3" status="PASS">
          <reporter-output>
          </reporter-output>
        </test-method> <!-- TestDelete -->
        <test-method signature="TestInsert()[pri:0, instance:Tests.TestModels@587d1d39]" started-at="2020-04-01T11:06:24Z" name="TestInsert" finished-at="2020-04-01T11:06:24Z" duration-ms="6" status="PASS">
          <reporter-output>
          </reporter-output>
        </test-method> <!-- TestInsert -->
        <test-method signature="TestTitle()[pri:0, instance:Tests.TestModels@587d1d39]" started-at="2020-04-01T11:06:24Z" name="TestTitle" finished-at="2020-04-01T11:06:24Z" duration-ms="4" status="PASS">
          <reporter-output>
          </reporter-output>
        </test-method> <!-- TestTitle -->
        <test-method signature="TestUpdate()[pri:0, instance:Tests.TestModels@587d1d39]" started-at="2020-04-01T11:06:24Z" name="TestUpdate" finished-at="2020-04-01T11:06:24Z" duration-ms="4" status="PASS">
          <reporter-output>
          </reporter-output>
        </test-method> <!-- TestUpdate -->
      </class> <!-- Tests.TestModels -->
    </test> <!-- tests -->
  </suite> <!-- tests -->
</testng-results>
