<?xml version="1.0" encoding="UTF-8"?>
<testng-results ignored="0" total="27" passed="27" failed="0" skipped="0">
  <reporter-output>
  </reporter-output>
  <suite started-at="2020-03-25T14:33:08Z" name="tests" finished-at="2020-03-25T14:33:10Z" duration-ms="2372">
    <groups>
    </groups>
    <test started-at="2020-03-25T14:33:08Z" name="tests" finished-at="2020-03-25T14:33:10Z" duration-ms="2372">
      <class name="Tests.TestDevices">
        <test-method is-config="true" signature="CreateSession()[pri:0, instance:Tests.TestDevices@9a7504c]" started-at="2020-03-25T14:33:10Z" name="CreateSession" finished-at="2020-03-25T14:33:10Z" duration-ms="135" status="PASS">
          <reporter-output>
          </reporter-output>
        </test-method> <!-- CreateSession -->
        <test-method signature="TestCars()[pri:0, instance:Tests.TestDevices@9a7504c]" started-at="2020-03-25T14:33:10Z" name="TestCars" finished-at="2020-03-25T14:33:10Z" duration-ms="5" status="PASS">
          <reporter-output>
          </reporter-output>
        </test-method> <!-- TestCars -->
        <test-method signature="TestDelete()[pri:0, instance:Tests.TestDevices@9a7504c]" started-at="2020-03-25T14:33:10Z" name="TestDelete" finished-at="2020-03-25T14:33:10Z" duration-ms="1" status="PASS">
          <reporter-output>
          </reporter-output>
        </test-method> <!-- TestDelete -->
        <test-method signature="TestUpdate()[pri:0, instance:Tests.TestDevices@9a7504c]" started-at="2020-03-25T14:33:10Z" name="TestUpdate" finished-at="2020-03-25T14:33:10Z" duration-ms="1" status="PASS">
          <reporter-output>
          </reporter-output>
        </test-method> <!-- TestUpdate -->
      </class> <!-- Tests.TestDevices -->
      <class name="Tests.TestDevelopers">
        <test-method is-config="true" signature="CreateSession()[pri:0, instance:Tests.TestDevelopers@3e57cd70]" started-at="2020-03-25T14:33:09Z" name="CreateSession" finished-at="2020-03-25T14:33:10Z" duration-ms="158" status="PASS">
          <reporter-output>
          </reporter-output>
        </test-method> <!-- CreateSession -->
        <test-method signature="TestDelete()[pri:0, instance:Tests.TestDevelopers@3e57cd70]" started-at="2020-03-25T14:33:10Z" name="TestDelete" finished-at="2020-03-25T14:33:10Z" duration-ms="1" status="PASS">
          <reporter-output>
          </reporter-output>
        </test-method> <!-- TestDelete -->
        <test-method signature="TestModels()[pri:0, instance:Tests.TestDevelopers@3e57cd70]" started-at="2020-03-25T14:33:10Z" name="TestModels" finished-at="2020-03-25T14:33:10Z" duration-ms="4" status="PASS">
          <reporter-output>
          </reporter-output>
        </test-method> <!-- TestModels -->
        <test-method signature="TestUpdate()[pri:0, instance:Tests.TestDevelopers@3e57cd70]" started-at="2020-03-25T14:33:10Z" name="TestUpdate" finished-at="2020-03-25T14:33:10Z" duration-ms="1" status="PASS">
          <reporter-output>
          </reporter-output>
        </test-method> <!-- TestUpdate -->
      </class> <!-- Tests.TestDevelopers -->
      <class name="Tests.TestClients">
        <test-method is-config="true" signature="CreateSession()[pri:0, instance:Tests.TestClients@1d8d30f7]" started-at="2020-03-25T14:33:09Z" name="CreateSession" finished-at="2020-03-25T14:33:09Z" duration-ms="184" status="PASS">
          <reporter-output>
          </reporter-output>
        </test-method> <!-- CreateSession -->
        <test-method signature="TestDate()[pri:0, instance:Tests.TestClients@1d8d30f7]" started-at="2020-03-25T14:33:09Z" name="TestDate" finished-at="2020-03-25T14:33:09Z" duration-ms="6" status="PASS">
          <reporter-output>
          </reporter-output>
        </test-method> <!-- TestDate -->
        <test-method signature="TestDelete()[pri:0, instance:Tests.TestClients@1d8d30f7]" started-at="2020-03-25T14:33:09Z" name="TestDelete" finished-at="2020-03-25T14:33:09Z" duration-ms="1" status="PASS">
          <reporter-output>
          </reporter-output>
        </test-method> <!-- TestDelete -->
        <test-method signature="TestE_mail()[pri:0, instance:Tests.TestClients@1d8d30f7]" started-at="2020-03-25T14:33:09Z" name="TestE_mail" finished-at="2020-03-25T14:33:09Z" duration-ms="3" status="PASS">
          <reporter-output>
          </reporter-output>
        </test-method> <!-- TestE_mail -->
        <test-method signature="TestName()[pri:0, instance:Tests.TestClients@1d8d30f7]" started-at="2020-03-25T14:33:09Z" name="TestName" finished-at="2020-03-25T14:33:09Z" duration-ms="2" status="PASS">
          <reporter-output>
          </reporter-output>
        </test-method> <!-- TestName -->
        <test-method signature="TestStatus()[pri:0, instance:Tests.TestClients@1d8d30f7]" started-at="2020-03-25T14:33:09Z" name="TestStatus" finished-at="2020-03-25T14:33:09Z" duration-ms="6" status="PASS">
          <reporter-output>
          </reporter-output>
        </test-method> <!-- TestStatus -->
        <test-method signature="TestUpdate()[pri:0, instance:Tests.TestClients@1d8d30f7]" started-at="2020-03-25T14:33:09Z" name="TestUpdate" finished-at="2020-03-25T14:33:09Z" duration-ms="0" status="PASS">
          <reporter-output>
          </reporter-output>
        </test-method> <!-- TestUpdate -->
      </class> <!-- Tests.TestClients -->
      <class name="Tests.TestCars">
        <test-method is-config="true" signature="CreateSession()[pri:0, instance:Tests.TestCars@32d2fa64]" started-at="2020-03-25T14:33:08Z" name="CreateSession" finished-at="2020-03-25T14:33:09Z" duration-ms="1466" status="PASS">
          <reporter-output>
          </reporter-output>
        </test-method> <!-- CreateSession -->
        <test-method signature="TestDelete()[pri:0, instance:Tests.TestCars@32d2fa64]" started-at="2020-03-25T14:33:09Z" name="TestDelete" finished-at="2020-03-25T14:33:09Z" duration-ms="35" status="PASS">
          <reporter-output>
          </reporter-output>
        </test-method> <!-- TestDelete -->
        <test-method signature="TestDevice()[pri:0, instance:Tests.TestCars@32d2fa64]" started-at="2020-03-25T14:33:09Z" name="TestDevice" finished-at="2020-03-25T14:33:09Z" duration-ms="74" status="PASS">
          <reporter-output>
          </reporter-output>
        </test-method> <!-- TestDevice -->
        <test-method signature="TestModel()[pri:0, instance:Tests.TestCars@32d2fa64]" started-at="2020-03-25T14:33:09Z" name="TestModel" finished-at="2020-03-25T14:33:09Z" duration-ms="4" status="PASS">
          <reporter-output>
          </reporter-output>
        </test-method> <!-- TestModel -->
        <test-method signature="TestNumber()[pri:0, instance:Tests.TestCars@32d2fa64]" started-at="2020-03-25T14:33:09Z" name="TestNumber" finished-at="2020-03-25T14:33:09Z" duration-ms="4" status="PASS">
          <reporter-output>
          </reporter-output>
        </test-method> <!-- TestNumber -->
        <test-method signature="TestPrice()[pri:0, instance:Tests.TestCars@32d2fa64]" started-at="2020-03-25T14:33:09Z" name="TestPrice" finished-at="2020-03-25T14:33:09Z" duration-ms="5" status="PASS">
          <reporter-output>
          </reporter-output>
        </test-method> <!-- TestPrice -->
        <test-method signature="TestTestDrive()[pri:0, instance:Tests.TestCars@32d2fa64]" started-at="2020-03-25T14:33:09Z" name="TestTestDrive" finished-at="2020-03-25T14:33:09Z" duration-ms="5" status="PASS">
          <reporter-output>
          </reporter-output>
        </test-method> <!-- TestTestDrive -->
        <test-method signature="TestUpdate()[pri:0, instance:Tests.TestCars@32d2fa64]" started-at="2020-03-25T14:33:09Z" name="TestUpdate" finished-at="2020-03-25T14:33:09Z" duration-ms="1" status="PASS">
          <reporter-output>
          </reporter-output>
        </test-method> <!-- TestUpdate -->
      </class> <!-- Tests.TestCars -->
      <class name="Tests.TestOrders">
        <test-method is-config="true" signature="CreateSession()[pri:0, instance:Tests.TestOrders@587d1d39]" started-at="2020-03-25T14:33:10Z" name="CreateSession" finished-at="2020-03-25T14:33:10Z" duration-ms="116" status="PASS">
          <reporter-output>
          </reporter-output>
        </test-method> <!-- CreateSession -->
        <test-method signature="TestDate()[pri:0, instance:Tests.TestOrders@587d1d39]" started-at="2020-03-25T14:33:10Z" name="TestDate" finished-at="2020-03-25T14:33:10Z" duration-ms="4" status="PASS">
          <reporter-output>
          </reporter-output>
        </test-method> <!-- TestDate -->
        <test-method signature="TestDelete()[pri:0, instance:Tests.TestOrders@587d1d39]" started-at="2020-03-25T14:33:10Z" name="TestDelete" finished-at="2020-03-25T14:33:10Z" duration-ms="3" status="PASS">
          <reporter-output>
          </reporter-output>
        </test-method> <!-- TestDelete -->
        <test-method signature="TestNumber()[pri:0, instance:Tests.TestOrders@587d1d39]" started-at="2020-03-25T14:33:10Z" name="TestNumber" finished-at="2020-03-25T14:33:10Z" duration-ms="5" status="PASS">
          <reporter-output>
          </reporter-output>
        </test-method> <!-- TestNumber -->
        <test-method signature="TestStatus()[pri:0, instance:Tests.TestOrders@587d1d39]" started-at="2020-03-25T14:33:10Z" name="TestStatus" finished-at="2020-03-25T14:33:10Z" duration-ms="3" status="PASS">
          <reporter-output>
          </reporter-output>
        </test-method> <!-- TestStatus -->
        <test-method signature="TestUpdate()[pri:0, instance:Tests.TestOrders@587d1d39]" started-at="2020-03-25T14:33:10Z" name="TestUpdate" finished-at="2020-03-25T14:33:10Z" duration-ms="1" status="PASS">
          <reporter-output>
          </reporter-output>
        </test-method> <!-- TestUpdate -->
      </class> <!-- Tests.TestOrders -->
      <class name="Tests.TestModels">
        <test-method is-config="true" signature="CreateSession()[pri:0, instance:Tests.TestModels@2c039ac6]" started-at="2020-03-25T14:33:10Z" name="CreateSession" finished-at="2020-03-25T14:33:10Z" duration-ms="117" status="PASS">
          <reporter-output>
          </reporter-output>
        </test-method> <!-- CreateSession -->
        <test-method signature="TestDelete()[pri:0, instance:Tests.TestModels@2c039ac6]" started-at="2020-03-25T14:33:10Z" name="TestDelete" finished-at="2020-03-25T14:33:10Z" duration-ms="1" status="PASS">
          <reporter-output>
          </reporter-output>
        </test-method> <!-- TestDelete -->
        <test-method signature="TestTitle()[pri:0, instance:Tests.TestModels@2c039ac6]" started-at="2020-03-25T14:33:10Z" name="TestTitle" finished-at="2020-03-25T14:33:10Z" duration-ms="2" status="PASS">
          <reporter-output>
          </reporter-output>
        </test-method> <!-- TestTitle -->
        <test-method signature="TestUpdate()[pri:0, instance:Tests.TestModels@2c039ac6]" started-at="2020-03-25T14:33:10Z" name="TestUpdate" finished-at="2020-03-25T14:33:10Z" duration-ms="0" status="PASS">
          <reporter-output>
          </reporter-output>
        </test-method> <!-- TestUpdate -->
      </class> <!-- Tests.TestModels -->
    </test> <!-- tests -->
  </suite> <!-- tests -->
</testng-results>
